Release 12.3 - xst M.70d (nt)
Copyright (c) 1995-2010 Xilinx, Inc.  All rights reserved.
--> Parameter TMPDIR set to xst/projnav.tmp


Total REAL time to Xst completion: 0.00 secs
Total CPU time to Xst completion: 0.09 secs
 
--> Parameter xsthdpdir set to xst


Total REAL time to Xst completion: 0.00 secs
Total CPU time to Xst completion: 0.09 secs
 
--> Reading design: top.prj

TABLE OF CONTENTS
  1) Synthesis Options Summary
  2) HDL Compilation
  3) Design Hierarchy Analysis
  4) HDL Analysis
  5) HDL Synthesis
     5.1) HDL Synthesis Report
  6) Advanced HDL Synthesis
     6.1) Advanced HDL Synthesis Report
  7) Low Level Synthesis
  8) Partition Report
  9) Final Report
	9.1) Device utilization summary
	9.2) Partition Resource Summary
	9.3) TIMING REPORT


=========================================================================
*                      Synthesis Options Summary                        *
=========================================================================
---- Source Parameters
Input File Name                    : "top.prj"
Input Format                       : mixed
Ignore Synthesis Constraint File   : NO

---- Target Parameters
Output File Name                   : "top"
Output Format                      : NGC
Target Device                      : xc3s500e-5-fg320

---- Source Options
Top Module Name                    : top
Automatic FSM Extraction           : YES
FSM Encoding Algorithm             : Auto
Safe Implementation                : No
FSM Style                          : LUT
RAM Extraction                     : Yes
RAM Style                          : Auto
ROM Extraction                     : Yes
Mux Style                          : Auto
Decoder Extraction                 : YES
Priority Encoder Extraction        : Yes
Shift Register Extraction          : YES
Logical Shifter Extraction         : YES
XOR Collapsing                     : YES
ROM Style                          : Auto
Mux Extraction                     : Yes
Resource Sharing                   : YES
Asynchronous To Synchronous        : NO
Multiplier Style                   : Auto
Automatic Register Balancing       : No

---- Target Options
Add IO Buffers                     : YES
Global Maximum Fanout              : 500
Add Generic Clock Buffer(BUFG)     : 24
Register Duplication               : YES
Slice Packing                      : YES
Optimize Instantiated Primitives   : NO
Use Clock Enable                   : Yes
Use Synchronous Set                : Yes
Use Synchronous Reset              : Yes
Pack IO Registers into IOBs        : Auto
Equivalent register Removal        : YES

---- General Options
Optimization Goal                  : Speed
Optimization Effort                : 1
Keep Hierarchy                     : No
Netlist Hierarchy                  : As_Optimized
RTL Output                         : Yes
Global Optimization                : AllClockNets
Read Cores                         : YES
Write Timing Constraints           : NO
Cross Clock Analysis               : NO
Hierarchy Separator                : /
Bus Delimiter                      : <>
Case Specifier                     : Maintain
Slice Utilization Ratio            : 100
BRAM Utilization Ratio             : 100
Verilog 2001                       : YES
Auto BRAM Packing                  : NO
Slice Utilization Ratio Delta      : 5

=========================================================================


=========================================================================
*                          HDL Compilation                              *
=========================================================================
Compiling verilog file "div2.v" in library work
Compiling verilog file "../Q1/div.v" in library work
Module <div2> compiled
Compiling verilog file "../Q1/code.v" in library work
Module <div> compiled
Compiling verilog file "../Q1/cnt.v" in library work
Module <code> compiled
Compiling verilog file "../Q1/top.v" in library work
Module <cnt> compiled
Module <top> compiled
No errors in compilation
Analysis of file <"top.prj"> succeeded.
 

=========================================================================
*                     Design Hierarchy Analysis                         *
=========================================================================
Analyzing hierarchy for module <top> in library <work>.

Analyzing hierarchy for module <div> in library <work>.

Analyzing hierarchy for module <div2> in library <work>.

Analyzing hierarchy for module <cnt> in library <work>.

Analyzing hierarchy for module <code> in library <work>.


=========================================================================
*                            HDL Analysis                               *
=========================================================================
Analyzing top module <top>.
Module <top> is correct for synthesis.
 
Analyzing module <div> in library <work>.
Module <div> is correct for synthesis.
 
Analyzing module <div2> in library <work>.
Module <div2> is correct for synthesis.
 
Analyzing module <cnt> in library <work>.
Module <cnt> is correct for synthesis.
 
Analyzing module <code> in library <work>.
Module <code> is correct for synthesis.
 

=========================================================================
*                           HDL Synthesis                               *
=========================================================================

Performing bidirectional port resolution...

Synthesizing Unit <div>.
    Related source file is "../Q1/div.v".
    Found 1-bit register for signal <cnt_en>.
    Found 25-bit up counter for signal <cnt_div>.
    Summary:
	inferred   1 Counter(s).
	inferred   1 D-type flip-flop(s).
Unit <div> synthesized.


Synthesizing Unit <div2>.
    Related source file is "div2.v".
    Found 2-bit up counter for signal <cnt_en>.
    Found 25-bit up counter for signal <cnt_div>.
    Summary:
	inferred   2 Counter(s).
Unit <div2> synthesized.


Synthesizing Unit <cnt>.
    Related source file is "../Q1/cnt.v".
    Found 16-bit register for signal <cnt_data>.
    Found 16-bit addsub for signal <cnt_data$share0000>.
    Summary:
	inferred  16 D-type flip-flop(s).
	inferred   1 Adder/Subtractor(s).
Unit <cnt> synthesized.


Synthesizing Unit <code>.
    Related source file is "../Q1/code.v".
    Found 16x8-bit ROM for signal <data$mux0000> created at line 102.
    Found 16x8-bit ROM for signal <data$mux0002>.
    Found 16x8-bit ROM for signal <data$mux0003>.
    Found 16x8-bit ROM for signal <data$mux0004>.
    Found 4-bit register for signal <sel>.
    Found 8-bit register for signal <data>.
    Found 8-bit 4-to-1 multiplexer for signal <data$mux0001>.
    Found 1-of-4 decoder for signal <sel$mux0000>.
    Summary:
	inferred   4 ROM(s).
	inferred  12 D-type flip-flop(s).
	inferred   8 Multiplexer(s).
	inferred   1 Decoder(s).
Unit <code> synthesized.


Synthesizing Unit <top>.
    Related source file is "../Q1/top.v".
Unit <top> synthesized.

INFO:Xst:1767 - HDL ADVISOR - Resource sharing has identified that some arithmetic operations in this design can share the same physical resources for reduced device utilization. For improved clock frequency you may try to disable resource sharing.

=========================================================================
HDL Synthesis Report

Macro Statistics
# ROMs                                                 : 4
 16x8-bit ROM                                          : 4
# Adders/Subtractors                                   : 1
 16-bit addsub                                         : 1
# Counters                                             : 3
 2-bit up counter                                      : 1
 25-bit up counter                                     : 2
# Registers                                            : 4
 1-bit register                                        : 1
 16-bit register                                       : 1
 4-bit register                                        : 1
 8-bit register                                        : 1
# Multiplexers                                         : 1
 8-bit 4-to-1 multiplexer                              : 1
# Decoders                                             : 1
 1-of-4 decoder                                        : 1

=========================================================================

=========================================================================
*                       Advanced HDL Synthesis                          *
=========================================================================


=========================================================================
Advanced HDL Synthesis Report

Macro Statistics
# ROMs                                                 : 4
 16x8-bit ROM                                          : 4
# Adders/Subtractors                                   : 1
 16-bit addsub                                         : 1
# Counters                                             : 3
 2-bit up counter                                      : 1
 25-bit up counter                                     : 2
# Registers                                            : 29
 Flip-Flops                                            : 29
# Multiplexers                                         : 1
 8-bit 4-to-1 multiplexer                              : 1
# Decoders                                             : 1
 1-of-4 decoder                                        : 1

=========================================================================

=========================================================================
*                         Low Level Synthesis                           *
=========================================================================
WARNING:Xst:1710 - FF/Latch <data_0> (without init value) has a constant value of 1 in block <code>. This FF/Latch will be trimmed during the optimization process.

Optimizing unit <top> ...

Optimizing unit <cnt> ...

Optimizing unit <code> ...

Mapping all equations...
Building and optimizing final netlist ...
Found area constraint ratio of 100 (+ 5) on block top, actual ratio is 2.

Final Macro Processing ...

=========================================================================
Final Register Report

Macro Statistics
# Registers                                            : 80
 Flip-Flops                                            : 80

=========================================================================

=========================================================================
*                           Partition Report                            *
=========================================================================

Partition Implementation Status
-------------------------------

  No Partitions were found in this design.

-------------------------------

=========================================================================
*                            Final Report                               *
=========================================================================
Final Results
RTL Top Level Output File Name     : top.ngr
Top Level Output File Name         : top
Output Format                      : NGC
Optimization Goal                  : Speed
Keep Hierarchy                     : No

Design Statistics
# IOs                              : 15

Cell Usage :
# BELS                             : 366
#      GND                         : 1
#      INV                         : 8
#      LUT1                        : 50
#      LUT2                        : 68
#      LUT3                        : 30
#      LUT4                        : 48
#      MUXCY                       : 87
#      MUXF5                       : 7
#      VCC                         : 1
#      XORCY                       : 66
# FlipFlops/Latches                : 80
#      FD                          : 8
#      FDC                         : 51
#      FDCE                        : 18
#      FDS                         : 3
# Clock Buffers                    : 1
#      BUFGP                       : 1
# IO Buffers                       : 14
#      IBUF                        : 2
#      OBUF                        : 12
=========================================================================

Device utilization summary:
---------------------------

Selected Device : 3s500efg320-5 

 Number of Slices:                      111  out of   4656     2%  
 Number of Slice Flip Flops:             80  out of   9312     0%  
 Number of 4 input LUTs:                204  out of   9312     2%  
 Number of IOs:                          15
 Number of bonded IOBs:                  15  out of    232     6%  
 Number of GCLKs:                         1  out of     24     4%  

---------------------------
Partition Resource Summary:
---------------------------

  No Partitions were found in this design.

---------------------------


=========================================================================
TIMING REPORT

NOTE: THESE TIMING NUMBERS ARE ONLY A SYNTHESIS ESTIMATE.
      FOR ACCURATE TIMING INFORMATION PLEASE REFER TO THE TRACE REPORT
      GENERATED AFTER PLACE-and-ROUTE.

Clock Information:
------------------
-----------------------------------+------------------------+-------+
Clock Signal                       | Clock buffer(FF name)  | Load  |
-----------------------------------+------------------------+-------+
clk                                | BUFGP                  | 80    |
-----------------------------------+------------------------+-------+

Asynchronous Control Signals Information:
----------------------------------------
-----------------------------------+------------------------+-------+
Control Signal                     | Buffer(FF name)        | Load  |
-----------------------------------+------------------------+-------+
rst_n_inv(u_cnt/rst_n_inv1_INV_0:O)| NONE(u_cnt/cnt_data_0) | 69    |
-----------------------------------+------------------------+-------+

Timing Summary:
---------------
Speed Grade: -5

   Minimum period: 5.200ns (Maximum Frequency: 192.309MHz)
   Minimum input arrival time before clock: 7.072ns
   Maximum output required time after clock: 4.040ns
   Maximum combinational path delay: No path found

Timing Detail:
--------------
All values displayed in nanoseconds (ns)

=========================================================================
Timing constraint: Default period analysis for Clock 'clk'
  Clock period: 5.200ns (frequency: 192.309MHz)
  Total number of paths / destination ports: 2903 / 101
-------------------------------------------------------------------------
Delay:               5.200ns (Levels of Logic = 26)
  Source:            u_div/cnt_div_1 (FF)
  Destination:       u_div/cnt_div_24 (FF)
  Source Clock:      clk rising
  Destination Clock: clk rising

  Data Path: u_div/cnt_div_1 to u_div/cnt_div_24
                                Gate     Net
    Cell:in->out      fanout   Delay   Delay  Logical Name (Net Name)
    ----------------------------------------  ------------
     FDC:C->Q              2   0.514   0.532  u_div/cnt_div_1 (u_div/cnt_div_1)
     LUT1:I0->O            1   0.612   0.000  u_div/Mcount_cnt_div_cy<1>_rt (u_div/Mcount_cnt_div_cy<1>_rt)
     MUXCY:S->O            1   0.404   0.000  u_div/Mcount_cnt_div_cy<1> (u_div/Mcount_cnt_div_cy<1>)
     MUXCY:CI->O           1   0.052   0.000  u_div/Mcount_cnt_div_cy<2> (u_div/Mcount_cnt_div_cy<2>)
     MUXCY:CI->O           1   0.052   0.000  u_div/Mcount_cnt_div_cy<3> (u_div/Mcount_cnt_div_cy<3>)
     MUXCY:CI->O           1   0.052   0.000  u_div/Mcount_cnt_div_cy<4> (u_div/Mcount_cnt_div_cy<4>)
     MUXCY:CI->O           1   0.052   0.000  u_div/Mcount_cnt_div_cy<5> (u_div/Mcount_cnt_div_cy<5>)
     MUXCY:CI->O           1   0.052   0.000  u_div/Mcount_cnt_div_cy<6> (u_div/Mcount_cnt_div_cy<6>)
     MUXCY:CI->O           1   0.052   0.000  u_div/Mcount_cnt_div_cy<7> (u_div/Mcount_cnt_div_cy<7>)
     MUXCY:CI->O           1   0.052   0.000  u_div/Mcount_cnt_div_cy<8> (u_div/Mcount_cnt_div_cy<8>)
     MUXCY:CI->O           1   0.052   0.000  u_div/Mcount_cnt_div_cy<9> (u_div/Mcount_cnt_div_cy<9>)
     MUXCY:CI->O           1   0.052   0.000  u_div/Mcount_cnt_div_cy<10> (u_div/Mcount_cnt_div_cy<10>)
     MUXCY:CI->O           1   0.052   0.000  u_div/Mcount_cnt_div_cy<11> (u_div/Mcount_cnt_div_cy<11>)
     MUXCY:CI->O           1   0.052   0.000  u_div/Mcount_cnt_div_cy<12> (u_div/Mcount_cnt_div_cy<12>)
     MUXCY:CI->O           1   0.052   0.000  u_div/Mcount_cnt_div_cy<13> (u_div/Mcount_cnt_div_cy<13>)
     MUXCY:CI->O           1   0.052   0.000  u_div/Mcount_cnt_div_cy<14> (u_div/Mcount_cnt_div_cy<14>)
     MUXCY:CI->O           1   0.052   0.000  u_div/Mcount_cnt_div_cy<15> (u_div/Mcount_cnt_div_cy<15>)
     MUXCY:CI->O           1   0.052   0.000  u_div/Mcount_cnt_div_cy<16> (u_div/Mcount_cnt_div_cy<16>)
     MUXCY:CI->O           1   0.052   0.000  u_div/Mcount_cnt_div_cy<17> (u_div/Mcount_cnt_div_cy<17>)
     MUXCY:CI->O           1   0.052   0.000  u_div/Mcount_cnt_div_cy<18> (u_div/Mcount_cnt_div_cy<18>)
     MUXCY:CI->O           1   0.052   0.000  u_div/Mcount_cnt_div_cy<19> (u_div/Mcount_cnt_div_cy<19>)
     MUXCY:CI->O           1   0.052   0.000  u_div/Mcount_cnt_div_cy<20> (u_div/Mcount_cnt_div_cy<20>)
     MUXCY:CI->O           1   0.052   0.000  u_div/Mcount_cnt_div_cy<21> (u_div/Mcount_cnt_div_cy<21>)
     MUXCY:CI->O           1   0.052   0.000  u_div/Mcount_cnt_div_cy<22> (u_div/Mcount_cnt_div_cy<22>)
     MUXCY:CI->O           0   0.052   0.000  u_div/Mcount_cnt_div_cy<23> (u_div/Mcount_cnt_div_cy<23>)
     XORCY:CI->O           1   0.699   0.426  u_div/Mcount_cnt_div_xor<24> (Result<24>)
     LUT2:I1->O            1   0.612   0.000  u_div/Mcount_cnt_div_eqn_241 (u_div/Mcount_cnt_div_eqn_24)
     FDC:D                     0.268          u_div/cnt_div_24
    ----------------------------------------
    Total                      5.200ns (4.242ns logic, 0.958ns route)
                                       (81.6% logic, 18.4% route)

=========================================================================
Timing constraint: Default OFFSET IN BEFORE for Clock 'clk'
  Total number of paths / destination ports: 184 / 16
-------------------------------------------------------------------------
Offset:              7.072ns (Levels of Logic = 20)
  Source:            cnt_type (PAD)
  Destination:       u_cnt/cnt_data_15 (FF)
  Destination Clock: clk rising

  Data Path: cnt_type to u_cnt/cnt_data_15
                                Gate     Net
    Cell:in->out      fanout   Delay   Delay  Logical Name (Net Name)
    ----------------------------------------  ------------
     IBUF:I->O            10   1.106   0.750  cnt_type_IBUF (cnt_type_IBUF)
     INV:I->O             10   0.612   0.902  u_cnt/cnt_data_mux00012_INV_0 (u_cnt/cnt_data_mux0001)
     LUT2:I0->O            1   0.612   0.000  u_cnt/Maddsub_cnt_data_share0000_lut<0> (u_cnt/Maddsub_cnt_data_share0000_lut<0>)
     MUXCY:S->O            1   0.404   0.000  u_cnt/Maddsub_cnt_data_share0000_cy<0> (u_cnt/Maddsub_cnt_data_share0000_cy<0>)
     MUXCY:CI->O           1   0.052   0.000  u_cnt/Maddsub_cnt_data_share0000_cy<1> (u_cnt/Maddsub_cnt_data_share0000_cy<1>)
     MUXCY:CI->O           1   0.052   0.000  u_cnt/Maddsub_cnt_data_share0000_cy<2> (u_cnt/Maddsub_cnt_data_share0000_cy<2>)
     MUXCY:CI->O           1   0.052   0.000  u_cnt/Maddsub_cnt_data_share0000_cy<3> (u_cnt/Maddsub_cnt_data_share0000_cy<3>)
     MUXCY:CI->O           1   0.052   0.000  u_cnt/Maddsub_cnt_data_share0000_cy<4> (u_cnt/Maddsub_cnt_data_share0000_cy<4>)
     MUXCY:CI->O           1   0.052   0.000  u_cnt/Maddsub_cnt_data_share0000_cy<5> (u_cnt/Maddsub_cnt_data_share0000_cy<5>)
     MUXCY:CI->O           1   0.052   0.000  u_cnt/Maddsub_cnt_data_share0000_cy<6> (u_cnt/Maddsub_cnt_data_share0000_cy<6>)
     MUXCY:CI->O           1   0.052   0.000  u_cnt/Maddsub_cnt_data_share0000_cy<7> (u_cnt/Maddsub_cnt_data_share0000_cy<7>)
     MUXCY:CI->O           1   0.052   0.000  u_cnt/Maddsub_cnt_data_share0000_cy<8> (u_cnt/Maddsub_cnt_data_share0000_cy<8>)
     MUXCY:CI->O           1   0.052   0.000  u_cnt/Maddsub_cnt_data_share0000_cy<9> (u_cnt/Maddsub_cnt_data_share0000_cy<9>)
     MUXCY:CI->O           1   0.052   0.000  u_cnt/Maddsub_cnt_data_share0000_cy<10> (u_cnt/Maddsub_cnt_data_share0000_cy<10>)
     MUXCY:CI->O           1   0.052   0.000  u_cnt/Maddsub_cnt_data_share0000_cy<11> (u_cnt/Maddsub_cnt_data_share0000_cy<11>)
     MUXCY:CI->O           1   0.052   0.000  u_cnt/Maddsub_cnt_data_share0000_cy<12> (u_cnt/Maddsub_cnt_data_share0000_cy<12>)
     MUXCY:CI->O           1   0.052   0.000  u_cnt/Maddsub_cnt_data_share0000_cy<13> (u_cnt/Maddsub_cnt_data_share0000_cy<13>)
     MUXCY:CI->O           0   0.052   0.000  u_cnt/Maddsub_cnt_data_share0000_cy<14> (u_cnt/Maddsub_cnt_data_share0000_cy<14>)
     XORCY:CI->O           1   0.699   0.387  u_cnt/Maddsub_cnt_data_share0000_xor<15> (u_cnt/cnt_data_share0000<15>)
     LUT3:I2->O            1   0.612   0.000  u_cnt/cnt_data_mux0000<0>1 (u_cnt/cnt_data_mux0000<0>)
     FDCE:D                    0.268          u_cnt/cnt_data_15
    ----------------------------------------
    Total                      7.072ns (5.034ns logic, 2.038ns route)
                                       (71.2% logic, 28.8% route)

=========================================================================
Timing constraint: Default OFFSET OUT AFTER for Clock 'clk'
  Total number of paths / destination ports: 11 / 11
-------------------------------------------------------------------------
Offset:              4.040ns (Levels of Logic = 1)
  Source:            u_code/sel_3 (FF)
  Destination:       sel<3> (PAD)
  Source Clock:      clk rising

  Data Path: u_code/sel_3 to sel<3>
                                Gate     Net
    Cell:in->out      fanout   Delay   Delay  Logical Name (Net Name)
    ----------------------------------------  ------------
     FD:C->Q               1   0.514   0.357  u_code/sel_3 (u_code/sel_3)
     OBUF:I->O                 3.169          sel_3_OBUF (sel<3>)
    ----------------------------------------
    Total                      4.040ns (3.683ns logic, 0.357ns route)
                                       (91.2% logic, 8.8% route)

=========================================================================


Total REAL time to Xst completion: 3.00 secs
Total CPU time to Xst completion: 3.52 secs
 
--> 

Total memory usage is 135228 kilobytes

Number of errors   :    0 (   0 filtered)
Number of warnings :    1 (   0 filtered)
Number of infos    :    1 (   0 filtered)

